0 silly argv {
0 silly argv   _: [ 'publish' ],
0 silly argv   composed: 'publish',
0 silly argv   lernaVersion: '6.0.3',
0 silly argv   '$0': '/Users/anitacao/.config/yarn/global/node_modules/.bin/lerna'
0 silly argv }
1 notice cli v6.0.3
2 verbose rootPath /Users/anitacao/Desktop/Projects/私仓/yd-package
3 info versioning independent
4 verbose packageConfigs Package manager 'pnpm' detected. Resolving packages using 'pnpm-workspace.yaml'.
5 verbose session 9d5777da08769adf
6 verbose user-agent lerna/6.0.3/node@v16.16.0+x64 (darwin)
7 silly argv { _: [ 'publish' ], composed: 'publish', lernaVersion: '6.0.3' }
8 verbose rootPath /Users/anitacao/Desktop/Projects/私仓/yd-package
9 verbose packageConfigs Package manager 'pnpm' detected. Resolving packages using 'pnpm-workspace.yaml'.
10 silly isAnythingCommitted
11 verbose isAnythingCommitted 1
12 silly getCurrentBranch
13 verbose currentBranch main
14 silly remoteBranchExists
15 silly isBehindUpstream
16 silly isBehindUpstream main is behind origin/main by 0 commit(s) and ahead by 1
17 silly hasTags
18 verbose hasTags false
19 info Assuming all packages changed
20 verbose updated @joe/components
21 verbose updated @joe/core
22 verbose updated @joe/utils
23 verbose git-describe undefined => "de910fd"
24 silly git-describe parsed => {"refCount":"2","sha":"de910fd","isDirty":false}
25 info execute Skipping releases
26 silly lifecycle No script for "preversion" in "yd-package", continuing
27 silly lifecycle No script for "preversion" in "@joe/components", continuing
28 silly lifecycle No script for "preversion" in "@joe/core", continuing
29 silly lifecycle No script for "preversion" in "@joe/utils", continuing
30 verbose version @joe/components has no lockfile. Skipping lockfile update.
31 verbose version @joe/core has no lockfile. Skipping lockfile update.
32 verbose version @joe/utils has no lockfile. Skipping lockfile update.
33 silly lifecycle No script for "version" in "@joe/core", continuing
34 silly lifecycle No script for "version" in "@joe/utils", continuing
35 silly lifecycle No script for "version" in "@joe/components", continuing
36 verbose version Updating root pnpm-lock.yaml
37 silly lifecycle No script for "version" in "yd-package", continuing
38 silly gitAdd [
38 silly gitAdd   'packages/core/package.json',
38 silly gitAdd   'packages/utils/package.json',
38 silly gitAdd   'packages/components/package.json',
38 silly gitAdd   'pnpm-lock.yaml'
38 silly gitAdd ]
39 silly gitCommit Publish
39 silly gitCommit
39 silly gitCommit  - @joe/components@1.0.1
39 silly gitCommit  - @joe/core@1.0.1
39 silly gitCommit  - @joe/utils@1.0.1
40 verbose git [
40 verbose git   'commit',
40 verbose git   '-F',
40 verbose git   '/private/var/folders/6w/6h79k7l97gb2clnw54bnq2c00000gn/T/bb8dbee4-1bcc-429c-b25e-49fefd584ea8/lerna-commit.txt'
40 verbose git ]
41 silly gitTag @joe/components@1.0.1
42 verbose git [ 'tag', '@joe/components@1.0.1', '-m', '@joe/components@1.0.1' ]
43 silly gitTag @joe/core@1.0.1
44 verbose git [ 'tag', '@joe/core@1.0.1', '-m', '@joe/core@1.0.1' ]
45 silly gitTag @joe/utils@1.0.1
46 verbose git [ 'tag', '@joe/utils@1.0.1', '-m', '@joe/utils@1.0.1' ]
47 silly lifecycle No script for "postversion" in "@joe/components", continuing
48 silly lifecycle No script for "postversion" in "@joe/core", continuing
49 silly lifecycle No script for "postversion" in "@joe/utils", continuing
50 silly lifecycle No script for "postversion" in "yd-package", continuing
51 info git Pushing tags...
52 silly gitPush origin main
53 info publish Publishing packages to npm...
54 notice Skipping all user and access validation due to third-party registry
55 notice Make sure you're authenticated properly ¯\_(ツ)_/¯
56 warn ENOLICENSE Packages @joe/components, @joe/core, and @joe/utils are missing a license.
56 warn ENOLICENSE One way to fix this is to add a LICENSE.md file to the root of this repository.
56 warn ENOLICENSE See https://choosealicense.com for additional guidance.
57 silly getCurrentSHA
58 verbose getCurrentSHA d4116a3d13d8908814629d3a5f38e9f76351f92f
59 silly lifecycle No script for "prepublish" in "yd-package", continuing
60 silly lifecycle No script for "prepare" in "yd-package", continuing
61 silly lifecycle No script for "prepublishOnly" in "yd-package", continuing
62 silly lifecycle No script for "prepack" in "yd-package", continuing
63 verbose pack-directory packages/components
64 verbose pack-directory packages/core
65 verbose pack-directory packages/utils
66 silly lifecycle No script for "prepublish" in "@joe/components", continuing
67 silly lifecycle No script for "prepublish" in "@joe/core", continuing
68 silly lifecycle No script for "prepublish" in "@joe/utils", continuing
69 silly lifecycle No script for "prepare" in "@joe/components", continuing
70 silly lifecycle No script for "prepare" in "@joe/core", continuing
71 silly lifecycle No script for "prepare" in "@joe/utils", continuing
72 silly lifecycle No script for "prepublishOnly" in "@joe/components", continuing
73 silly lifecycle No script for "prepublishOnly" in "@joe/utils", continuing
74 silly lifecycle No script for "prepublishOnly" in "@joe/core", continuing
75 silly lifecycle No script for "prepack" in "@joe/components", continuing
76 silly lifecycle No script for "prepack" in "@joe/core", continuing
77 silly lifecycle No script for "prepack" in "@joe/utils", continuing
78 silly lifecycle No script for "postpack" in "@joe/components", continuing
79 verbose packed packages/components
80 silly lifecycle No script for "postpack" in "@joe/utils", continuing
81 verbose packed packages/utils
82 silly lifecycle No script for "postpack" in "@joe/core", continuing
83 verbose packed packages/core
84 silly lifecycle No script for "postpack" in "yd-package", continuing
85 verbose publish @joe/components
86 verbose publish @joe/core
87 verbose publish @joe/utils
88 silly FetchError: request to http://localhost:4879/@joe%2fcomponents failed, reason: connect ECONNREFUSED 127.0.0.1:4879
88 silly     at ClientRequest.<anonymous> (/Users/anitacao/Desktop/Projects/私仓/yd-package/node_modules/.pnpm/minipass-fetch@2.1.2/node_modules/minipass-fetch/lib/index.js:130:14)
88 silly     at ClientRequest.emit (node:events:527:28)
88 silly     at Socket.socketErrorListener (node:_http_client:454:9)
88 silly     at Socket.emit (node:events:539:35)
88 silly     at emitErrorNT (node:internal/streams/destroy:157:8)
88 silly     at emitErrorCloseNT (node:internal/streams/destroy:122:3)
88 silly     at processTicksAndRejections (node:internal/process/task_queues:83:21)
88 silly  FetchError: request to http://localhost:4879/@joe%2fcomponents failed, reason: connect ECONNREFUSED 127.0.0.1:4879
88 silly     at ClientRequest.<anonymous> (/Users/anitacao/Desktop/Projects/私仓/yd-package/node_modules/.pnpm/minipass-fetch@2.1.2/node_modules/minipass-fetch/lib/index.js:130:14)
88 silly     at ClientRequest.emit (node:events:527:28)
88 silly     at Socket.socketErrorListener (node:_http_client:454:9)
88 silly     at Socket.emit (node:events:539:35)
88 silly     at emitErrorNT (node:internal/streams/destroy:157:8)
88 silly     at emitErrorCloseNT (node:internal/streams/destroy:122:3)
88 silly     at processTicksAndRejections (node:internal/process/task_queues:83:21) {
88 silly   code: 'ECONNREFUSED',
88 silly   errno: 'ECONNREFUSED',
88 silly   syscall: 'connect',
88 silly   address: '127.0.0.1',
88 silly   port: 4879,
88 silly   type: 'system'
88 silly }
89 error ECONNREFUSED request to http://localhost:4879/@joe%2fcomponents failed, reason: connect ECONNREFUSED 127.0.0.1:4879
90 error FetchError: request to http://localhost:4879/@joe%2fcomponents failed, reason: connect ECONNREFUSED 127.0.0.1:4879
90 error     at ClientRequest.<anonymous> (/Users/anitacao/Desktop/Projects/私仓/yd-package/node_modules/.pnpm/minipass-fetch@2.1.2/node_modules/minipass-fetch/lib/index.js:130:14)
90 error     at ClientRequest.emit (node:events:527:28)
90 error     at Socket.socketErrorListener (node:_http_client:454:9)
90 error     at Socket.emit (node:events:539:35)
90 error     at emitErrorNT (node:internal/streams/destroy:157:8)
90 error     at emitErrorCloseNT (node:internal/streams/destroy:122:3)
